
> @grinn/codegen@1.0.0 build /Users/louislec/Documents/GitHub/urgences-patrimoine/@grinn/codegen
> graphql-codegen --config codegen.ts && tsup src/index.ts --dts

[STARTED] Parse Configuration
[SUCCESS] Parse Configuration
[STARTED] Generate outputs
[STARTED] Generate to ./src/index.ts
[STARTED] Generate to ../../apps/mobile/graphql/apollo-client.tsx
[STARTED] Generate to persisted-query-ids/client.json
[STARTED] Generate to persisted-query-ids/server.json
[STARTED] Load GraphQL schemas
[STARTED] Load GraphQL schemas
[STARTED] Load GraphQL schemas
[STARTED] Load GraphQL schemas
[SUCCESS] Load GraphQL schemas
[SUCCESS] Load GraphQL schemas
[SUCCESS] Load GraphQL schemas
[SUCCESS] Load GraphQL schemas
[STARTED] Load GraphQL documents
[STARTED] Load GraphQL documents
[STARTED] Load GraphQL documents
[STARTED] Load GraphQL documents
[SUCCESS] Load GraphQL documents
[SUCCESS] Load GraphQL documents
[SUCCESS] Load GraphQL documents
[SUCCESS] Load GraphQL documents
[STARTED] Generate
[STARTED] Generate
[STARTED] Generate
[STARTED] Generate
[SUCCESS] Generate
[SUCCESS] Generate
[SUCCESS] Generate to ./src/index.ts
[SUCCESS] Generate to ../../apps/mobile/graphql/apollo-client.tsx
[SUCCESS] Generate
[SUCCESS] Generate
[SUCCESS] Generate to persisted-query-ids/client.json
[SUCCESS] Generate to persisted-query-ids/server.json
[SUCCESS] Generate outputs
CLI Building entry: src/index.ts
CLI tsup v6.7.0
CLI Target: node14
CJS Build start
CJS dist/index.js 30.01 KB
CJS ⚡️ Build success in 28ms
DTS Build start
DTS ⚡️ Build success in 2104ms
DTS dist/index.d.ts 159.99 KB
